::1 2019-11-12 13:21:26 /api/blog_list?offset=0&limit=5 http://localhost:8080/index GET Mozilla/5.0 (Windows NT 10.0; Win64; x64) AppleWebKit/537.36 (KHTML, like Gecko) Chrome/78.0.3904.87 Safari/537.36
::1 2019-11-12 13:21:28 /api/note/getNoteList http://localhost:8080/note GET Mozilla/5.0 (Windows NT 10.0; Win64; x64) AppleWebKit/537.36 (KHTML, like Gecko) Chrome/78.0.3904.87 Safari/537.36
::1 2019-11-12 13:21:31 /api/note/getNoteByName/day6 http://localhost:8080/article/day6 GET Mozilla/5.0 (Windows NT 10.0; Win64; x64) AppleWebKit/537.36 (KHTML, like Gecko) Chrome/78.0.3904.87 Safari/537.36
::1 2019-11-12 13:21:32 /api/note/getNoteList http://localhost:8080/note GET Mozilla/5.0 (Windows NT 10.0; Win64; x64) AppleWebKit/537.36 (KHTML, like Gecko) Chrome/78.0.3904.87 Safari/537.36
::1 2019-11-12 13:21:32 /api/note/getNoteByName/day5 http://localhost:8080/article/day5 GET Mozilla/5.0 (Windows NT 10.0; Win64; x64) AppleWebKit/537.36 (KHTML, like Gecko) Chrome/78.0.3904.87 Safari/537.36
::1 2019-11-12 13:21:33 /api/note/getNoteList http://localhost:8080/note GET Mozilla/5.0 (Windows NT 10.0; Win64; x64) AppleWebKit/537.36 (KHTML, like Gecko) Chrome/78.0.3904.87 Safari/537.36
::1 2019-11-12 13:21:34 /api/note/getNoteByName/day2 http://localhost:8080/article/day2 GET Mozilla/5.0 (Windows NT 10.0; Win64; x64) AppleWebKit/537.36 (KHTML, like Gecko) Chrome/78.0.3904.87 Safari/537.36
::1 2019-11-12 13:21:36 /api/note/getNoteList http://localhost:8080/note GET Mozilla/5.0 (Windows NT 10.0; Win64; x64) AppleWebKit/537.36 (KHTML, like Gecko) Chrome/78.0.3904.87 Safari/537.36
::1 2019-11-12 13:21:37 /api/note/getNoteByName/day4 http://localhost:8080/article/day4 GET Mozilla/5.0 (Windows NT 10.0; Win64; x64) AppleWebKit/537.36 (KHTML, like Gecko) Chrome/78.0.3904.87 Safari/537.36
::1 2019-11-12 13:21:38 /api/note/getNoteList http://localhost:8080/note GET Mozilla/5.0 (Windows NT 10.0; Win64; x64) AppleWebKit/537.36 (KHTML, like Gecko) Chrome/78.0.3904.87 Safari/537.36
::1 2019-11-12 13:21:39 /api/note/getNoteByName/day5 http://localhost:8080/article/day5 GET Mozilla/5.0 (Windows NT 10.0; Win64; x64) AppleWebKit/537.36 (KHTML, like Gecko) Chrome/78.0.3904.87 Safari/537.36
::1 2019-11-12 13:21:40 /api/note/getNoteList http://localhost:8080/note GET Mozilla/5.0 (Windows NT 10.0; Win64; x64) AppleWebKit/537.36 (KHTML, like Gecko) Chrome/78.0.3904.87 Safari/537.36
::1 2019-11-12 13:21:42 /api/blog_list?offset=0&limit=5 http://localhost:8080/index GET Mozilla/5.0 (Windows NT 10.0; Win64; x64) AppleWebKit/537.36 (KHTML, like Gecko) Chrome/78.0.3904.87 Safari/537.36
::1 2019-11-12 13:22:06 /api/admin_table http://localhost:8080/admin/databases/table/admin OPTIONS Mozilla/5.0 (Windows NT 10.0; Win64; x64) AppleWebKit/537.36 (KHTML, like Gecko) Chrome/78.0.3904.87 Safari/537.36
::1 2019-11-12 13:22:06 /api/admin_table http://localhost:8080/admin/databases/table/admin GET Mozilla/5.0 (Windows NT 10.0; Win64; x64) AppleWebKit/537.36 (KHTML, like Gecko) Chrome/78.0.3904.87 Safari/537.36
::1 2019-11-12 13:22:06 /api/admin_list?offset=0&limit=3 http://localhost:8080/admin/databases/table/admin OPTIONS Mozilla/5.0 (Windows NT 10.0; Win64; x64) AppleWebKit/537.36 (KHTML, like Gecko) Chrome/78.0.3904.87 Safari/537.36
::1 2019-11-12 13:22:06 /api/admin_list?offset=0&limit=3 http://localhost:8080/admin/databases/table/admin GET Mozilla/5.0 (Windows NT 10.0; Win64; x64) AppleWebKit/537.36 (KHTML, like Gecko) Chrome/78.0.3904.87 Safari/537.36
::1 2019-11-12 13:22:07 /api/statistics/getTodayVisit/2019-11-12 http://localhost:8080/admin/statistics OPTIONS Mozilla/5.0 (Windows NT 10.0; Win64; x64) AppleWebKit/537.36 (KHTML, like Gecko) Chrome/78.0.3904.87 Safari/537.36
::1 2019-11-12 13:22:07 /api/statistics/getTodayVisit/2019-11-12 http://localhost:8080/admin/statistics GET Mozilla/5.0 (Windows NT 10.0; Win64; x64) AppleWebKit/537.36 (KHTML, like Gecko) Chrome/78.0.3904.87 Safari/537.36
::1 2019-11-12 13:22:14 /api/statistics/getTodayVisit/2019-11-11 http://localhost:8080/admin/statistics OPTIONS Mozilla/5.0 (Windows NT 10.0; Win64; x64) AppleWebKit/537.36 (KHTML, like Gecko) Chrome/78.0.3904.87 Safari/537.36
::1 2019-11-12 13:22:14 /api/statistics/getTodayVisit/2019-11-11 http://localhost:8080/admin/statistics GET Mozilla/5.0 (Windows NT 10.0; Win64; x64) AppleWebKit/537.36 (KHTML, like Gecko) Chrome/78.0.3904.87 Safari/537.36
::1 2019-11-12 13:22:15 /api/statistics/getTodayVisit/2019-11-12 http://localhost:8080/admin/statistics OPTIONS Mozilla/5.0 (Windows NT 10.0; Win64; x64) AppleWebKit/537.36 (KHTML, like Gecko) Chrome/78.0.3904.87 Safari/537.36
::1 2019-11-12 13:22:15 /api/statistics/getTodayVisit/2019-11-12 http://localhost:8080/admin/statistics GET Mozilla/5.0 (Windows NT 10.0; Win64; x64) AppleWebKit/537.36 (KHTML, like Gecko) Chrome/78.0.3904.87 Safari/537.36
::1 2019-11-12 13:22:19 /api/statistics/getTodayVisit/2019-11-11 http://localhost:8080/admin/statistics OPTIONS Mozilla/5.0 (Windows NT 10.0; Win64; x64) AppleWebKit/537.36 (KHTML, like Gecko) Chrome/78.0.3904.87 Safari/537.36
::1 2019-11-12 13:22:19 /api/statistics/getTodayVisit/2019-11-11 http://localhost:8080/admin/statistics GET Mozilla/5.0 (Windows NT 10.0; Win64; x64) AppleWebKit/537.36 (KHTML, like Gecko) Chrome/78.0.3904.87 Safari/537.36
::1 2019-11-12 13:22:19 /api/statistics/getTodayVisit/2019-11-12 http://localhost:8080/admin/statistics OPTIONS Mozilla/5.0 (Windows NT 10.0; Win64; x64) AppleWebKit/537.36 (KHTML, like Gecko) Chrome/78.0.3904.87 Safari/537.36
::1 2019-11-12 13:22:19 /api/statistics/getTodayVisit/2019-11-12 http://localhost:8080/admin/statistics GET Mozilla/5.0 (Windows NT 10.0; Win64; x64) AppleWebKit/537.36 (KHTML, like Gecko) Chrome/78.0.3904.87 Safari/537.36
::1 2019-11-12 13:23:36 /api/statistics/getTodayVisit/2019-11-11 http://localhost:8080/admin/statistics OPTIONS Mozilla/5.0 (Windows NT 10.0; Win64; x64) AppleWebKit/537.36 (KHTML, like Gecko) Chrome/78.0.3904.87 Safari/537.36
::1 2019-11-12 13:23:36 /api/statistics/getTodayVisit/2019-11-11 http://localhost:8080/admin/statistics GET Mozilla/5.0 (Windows NT 10.0; Win64; x64) AppleWebKit/537.36 (KHTML, like Gecko) Chrome/78.0.3904.87 Safari/537.36
::1 2019-11-12 13:23:36 /api/statistics/getTodayVisit/2019-11-12 http://localhost:8080/admin/statistics OPTIONS Mozilla/5.0 (Windows NT 10.0; Win64; x64) AppleWebKit/537.36 (KHTML, like Gecko) Chrome/78.0.3904.87 Safari/537.36
::1 2019-11-12 13:23:36 /api/statistics/getTodayVisit/2019-11-12 http://localhost:8080/admin/statistics GET Mozilla/5.0 (Windows NT 10.0; Win64; x64) AppleWebKit/537.36 (KHTML, like Gecko) Chrome/78.0.3904.87 Safari/537.36
::1 2019-11-12 13:31:18 /api/statistics/getTodayVisit/2019-11-12 http://localhost:8080/admin/statistics OPTIONS Mozilla/5.0 (Windows NT 10.0; Win64; x64) AppleWebKit/537.36 (KHTML, like Gecko) Chrome/78.0.3904.87 Safari/537.36
::1 2019-11-12 13:31:18 /api/statistics/getTodayVisit/2019-11-12 http://localhost:8080/admin/statistics GET Mozilla/5.0 (Windows NT 10.0; Win64; x64) AppleWebKit/537.36 (KHTML, like Gecko) Chrome/78.0.3904.87 Safari/537.36
::1 2019-11-12 13:31:46 /api/statistics/getTodayVisit/2019-11-11 http://localhost:8080/admin/statistics OPTIONS Mozilla/5.0 (Windows NT 10.0; Win64; x64) AppleWebKit/537.36 (KHTML, like Gecko) Chrome/78.0.3904.87 Safari/537.36
::1 2019-11-12 13:31:47 /api/statistics/getTodayVisit/2019-11-11 http://localhost:8080/admin/statistics GET Mozilla/5.0 (Windows NT 10.0; Win64; x64) AppleWebKit/537.36 (KHTML, like Gecko) Chrome/78.0.3904.87 Safari/537.36
::1 2019-11-12 13:31:51 /api/statistics/getTodayVisit/2019-11-12 http://localhost:8080/admin/statistics OPTIONS Mozilla/5.0 (Windows NT 10.0; Win64; x64) AppleWebKit/537.36 (KHTML, like Gecko) Chrome/78.0.3904.87 Safari/537.36
::1 2019-11-12 13:31:51 /api/statistics/getTodayVisit/2019-11-12 http://localhost:8080/admin/statistics GET Mozilla/5.0 (Windows NT 10.0; Win64; x64) AppleWebKit/537.36 (KHTML, like Gecko) Chrome/78.0.3904.87 Safari/537.36
::1 2019-11-12 13:32:01 /api/statistics/getTodayVisit/2019-11-11 http://localhost:8080/admin/statistics OPTIONS Mozilla/5.0 (Windows NT 10.0; Win64; x64) AppleWebKit/537.36 (KHTML, like Gecko) Chrome/78.0.3904.87 Safari/537.36
::1 2019-11-12 13:32:01 /api/statistics/getTodayVisit/2019-11-11 http://localhost:8080/admin/statistics GET Mozilla/5.0 (Windows NT 10.0; Win64; x64) AppleWebKit/537.36 (KHTML, like Gecko) Chrome/78.0.3904.87 Safari/537.36
::1 2019-11-12 13:32:02 /api/statistics/getTodayVisit/2019-11-11 http://localhost:8080/admin/statistics OPTIONS Mozilla/5.0 (Windows NT 10.0; Win64; x64) AppleWebKit/537.36 (KHTML, like Gecko) Chrome/78.0.3904.87 Safari/537.36
::1 2019-11-12 13:32:02 /api/statistics/getTodayVisit/2019-11-11 http://localhost:8080/admin/statistics GET Mozilla/5.0 (Windows NT 10.0; Win64; x64) AppleWebKit/537.36 (KHTML, like Gecko) Chrome/78.0.3904.87 Safari/537.36
::1 2019-11-12 13:32:04 /api/statistics/getTodayVisit/2019-11-12 http://localhost:8080/admin/statistics OPTIONS Mozilla/5.0 (Windows NT 10.0; Win64; x64) AppleWebKit/537.36 (KHTML, like Gecko) Chrome/78.0.3904.87 Safari/537.36
::1 2019-11-12 13:32:04 /api/statistics/getTodayVisit/2019-11-12 http://localhost:8080/admin/statistics GET Mozilla/5.0 (Windows NT 10.0; Win64; x64) AppleWebKit/537.36 (KHTML, like Gecko) Chrome/78.0.3904.87 Safari/537.36
::1 2019-11-12 13:32:28 /api/statistics/getTodayVisit/2019-11-12 http://localhost:8080/admin/statistics OPTIONS Mozilla/5.0 (Windows NT 10.0; Win64; x64) AppleWebKit/537.36 (KHTML, like Gecko) Chrome/78.0.3904.87 Safari/537.36
::1 2019-11-12 13:32:28 /api/statistics/getTodayVisit/2019-11-12 http://localhost:8080/admin/statistics GET Mozilla/5.0 (Windows NT 10.0; Win64; x64) AppleWebKit/537.36 (KHTML, like Gecko) Chrome/78.0.3904.87 Safari/537.36
::1 2019-11-12 13:32:32 /api/statistics/getTodayVisit/2019-11-11 http://localhost:8080/admin/statistics OPTIONS Mozilla/5.0 (Windows NT 10.0; Win64; x64) AppleWebKit/537.36 (KHTML, like Gecko) Chrome/78.0.3904.87 Safari/537.36
::1 2019-11-12 13:32:32 /api/statistics/getTodayVisit/2019-11-11 http://localhost:8080/admin/statistics GET Mozilla/5.0 (Windows NT 10.0; Win64; x64) AppleWebKit/537.36 (KHTML, like Gecko) Chrome/78.0.3904.87 Safari/537.36
::1 2019-11-12 13:32:34 /api/statistics/getTodayVisit/2019-11-12 http://localhost:8080/admin/statistics OPTIONS Mozilla/5.0 (Windows NT 10.0; Win64; x64) AppleWebKit/537.36 (KHTML, like Gecko) Chrome/78.0.3904.87 Safari/537.36
::1 2019-11-12 13:32:34 /api/statistics/getTodayVisit/2019-11-12 http://localhost:8080/admin/statistics GET Mozilla/5.0 (Windows NT 10.0; Win64; x64) AppleWebKit/537.36 (KHTML, like Gecko) Chrome/78.0.3904.87 Safari/537.36
::1 2019-11-12 13:34:31 /api/statistics/getTodayVisit/2019-11-12 http://localhost:8080/admin/statistics OPTIONS Mozilla/5.0 (Windows NT 10.0; Win64; x64) AppleWebKit/537.36 (KHTML, like Gecko) Chrome/78.0.3904.87 Safari/537.36
::1 2019-11-12 13:34:31 /api/statistics/getTodayVisit/2019-11-12 http://localhost:8080/admin/statistics GET Mozilla/5.0 (Windows NT 10.0; Win64; x64) AppleWebKit/537.36 (KHTML, like Gecko) Chrome/78.0.3904.87 Safari/537.36
::1 2019-11-12 13:34:42 /api/admin_table http://localhost:8080/admin/databases/table/admin OPTIONS Mozilla/5.0 (Windows NT 10.0; Win64; x64) AppleWebKit/537.36 (KHTML, like Gecko) Chrome/78.0.3904.87 Safari/537.36
::1 2019-11-12 13:34:42 /api/admin_table http://localhost:8080/admin/databases/table/admin GET Mozilla/5.0 (Windows NT 10.0; Win64; x64) AppleWebKit/537.36 (KHTML, like Gecko) Chrome/78.0.3904.87 Safari/537.36
::1 2019-11-12 13:34:42 /api/admin_list?offset=0&limit=3 http://localhost:8080/admin/databases/table/admin OPTIONS Mozilla/5.0 (Windows NT 10.0; Win64; x64) AppleWebKit/537.36 (KHTML, like Gecko) Chrome/78.0.3904.87 Safari/537.36
::1 2019-11-12 13:34:42 /api/admin_list?offset=0&limit=3 http://localhost:8080/admin/databases/table/admin GET Mozilla/5.0 (Windows NT 10.0; Win64; x64) AppleWebKit/537.36 (KHTML, like Gecko) Chrome/78.0.3904.87 Safari/537.36
::1 2019-11-12 13:34:46 /api/admin_table http://localhost:8080/admin/databases/table/admin OPTIONS Mozilla/5.0 (Windows NT 10.0; Win64; x64) AppleWebKit/537.36 (KHTML, like Gecko) Chrome/78.0.3904.87 Safari/537.36
::1 2019-11-12 13:34:47 /api/admin_table http://localhost:8080/admin/databases/table/admin GET Mozilla/5.0 (Windows NT 10.0; Win64; x64) AppleWebKit/537.36 (KHTML, like Gecko) Chrome/78.0.3904.87 Safari/537.36
::1 2019-11-12 13:34:47 /api/admin_list?offset=0&limit=3 http://localhost:8080/admin/databases/table/admin OPTIONS Mozilla/5.0 (Windows NT 10.0; Win64; x64) AppleWebKit/537.36 (KHTML, like Gecko) Chrome/78.0.3904.87 Safari/537.36
::1 2019-11-12 13:34:47 /api/admin_list?offset=0&limit=3 http://localhost:8080/admin/databases/table/admin GET Mozilla/5.0 (Windows NT 10.0; Win64; x64) AppleWebKit/537.36 (KHTML, like Gecko) Chrome/78.0.3904.87 Safari/537.36
::1 2019-11-12 13:35:19 /api/admin_table http://localhost:8080/admin/databases/table/admin OPTIONS Mozilla/5.0 (Windows NT 10.0; Win64; x64) AppleWebKit/537.36 (KHTML, like Gecko) Chrome/78.0.3904.87 Safari/537.36
::1 2019-11-12 13:35:20 /api/admin_table http://localhost:8080/admin/databases/table/admin GET Mozilla/5.0 (Windows NT 10.0; Win64; x64) AppleWebKit/537.36 (KHTML, like Gecko) Chrome/78.0.3904.87 Safari/537.36
::1 2019-11-12 13:35:20 /api/admin_list?offset=0&limit=3 http://localhost:8080/admin/databases/table/admin OPTIONS Mozilla/5.0 (Windows NT 10.0; Win64; x64) AppleWebKit/537.36 (KHTML, like Gecko) Chrome/78.0.3904.87 Safari/537.36
::1 2019-11-12 13:35:20 /api/admin_list?offset=0&limit=3 http://localhost:8080/admin/databases/table/admin GET Mozilla/5.0 (Windows NT 10.0; Win64; x64) AppleWebKit/537.36 (KHTML, like Gecko) Chrome/78.0.3904.87 Safari/537.36
::1 2019-11-12 13:35:26 /api/statistics/getTodayVisit/2019-11-12 http://localhost:8080/admin/statistics OPTIONS Mozilla/5.0 (Windows NT 10.0; Win64; x64) AppleWebKit/537.36 (KHTML, like Gecko) Chrome/78.0.3904.87 Safari/537.36
::1 2019-11-12 13:35:26 /api/statistics/getTodayVisit/2019-11-12 http://localhost:8080/admin/statistics GET Mozilla/5.0 (Windows NT 10.0; Win64; x64) AppleWebKit/537.36 (KHTML, like Gecko) Chrome/78.0.3904.87 Safari/537.36
::1 2019-11-12 13:35:34 /api/statistics/getTodayVisit/2019-11-12 http://localhost:8080/admin/statistics OPTIONS Mozilla/5.0 (Windows NT 10.0; Win64; x64) AppleWebKit/537.36 (KHTML, like Gecko) Chrome/78.0.3904.87 Safari/537.36
::1 2019-11-12 13:35:34 /api/statistics/getTodayVisit/2019-11-12 http://localhost:8080/admin/statistics GET Mozilla/5.0 (Windows NT 10.0; Win64; x64) AppleWebKit/537.36 (KHTML, like Gecko) Chrome/78.0.3904.87 Safari/537.36
::1 2019-11-12 13:36:02 /api/statistics/getTodayVisit/2019-11-12 http://localhost:8080/admin/statistics OPTIONS Mozilla/5.0 (Windows NT 10.0; Win64; x64) AppleWebKit/537.36 (KHTML, like Gecko) Chrome/78.0.3904.87 Safari/537.36
::1 2019-11-12 13:36:02 /api/statistics/getTodayVisit/2019-11-12 http://localhost:8080/admin/statistics GET Mozilla/5.0 (Windows NT 10.0; Win64; x64) AppleWebKit/537.36 (KHTML, like Gecko) Chrome/78.0.3904.87 Safari/537.36
::1 2019-11-12 13:36:05 /api/admin_table http://localhost:8080/admin/databases/table/admin OPTIONS Mozilla/5.0 (Windows NT 10.0; Win64; x64) AppleWebKit/537.36 (KHTML, like Gecko) Chrome/78.0.3904.87 Safari/537.36
::1 2019-11-12 13:36:05 /api/admin_table http://localhost:8080/admin/databases/table/admin GET Mozilla/5.0 (Windows NT 10.0; Win64; x64) AppleWebKit/537.36 (KHTML, like Gecko) Chrome/78.0.3904.87 Safari/537.36
::1 2019-11-12 13:36:05 /api/admin_list?offset=0&limit=3 http://localhost:8080/admin/databases/table/admin OPTIONS Mozilla/5.0 (Windows NT 10.0; Win64; x64) AppleWebKit/537.36 (KHTML, like Gecko) Chrome/78.0.3904.87 Safari/537.36
::1 2019-11-12 13:36:05 /api/admin_list?offset=0&limit=3 http://localhost:8080/admin/databases/table/admin GET Mozilla/5.0 (Windows NT 10.0; Win64; x64) AppleWebKit/537.36 (KHTML, like Gecko) Chrome/78.0.3904.87 Safari/537.36
::1 2019-11-12 13:36:12 /api/blog_table http://localhost:8080/admin/databases/table/blog OPTIONS Mozilla/5.0 (Windows NT 10.0; Win64; x64) AppleWebKit/537.36 (KHTML, like Gecko) Chrome/78.0.3904.87 Safari/537.36
::1 2019-11-12 13:36:12 /api/blog_table http://localhost:8080/admin/databases/table/blog GET Mozilla/5.0 (Windows NT 10.0; Win64; x64) AppleWebKit/537.36 (KHTML, like Gecko) Chrome/78.0.3904.87 Safari/537.36
::1 2019-11-12 13:36:12 /api/blog_list?offset=0&limit=3 http://localhost:8080/admin/databases/table/blog OPTIONS Mozilla/5.0 (Windows NT 10.0; Win64; x64) AppleWebKit/537.36 (KHTML, like Gecko) Chrome/78.0.3904.87 Safari/537.36
::1 2019-11-12 13:36:12 /api/blog_list?offset=0&limit=3 http://localhost:8080/admin/databases/table/blog GET Mozilla/5.0 (Windows NT 10.0; Win64; x64) AppleWebKit/537.36 (KHTML, like Gecko) Chrome/78.0.3904.87 Safari/537.36
::1 2019-11-12 13:36:14 /api/admin_table http://localhost:8080/admin/databases/table/admin OPTIONS Mozilla/5.0 (Windows NT 10.0; Win64; x64) AppleWebKit/537.36 (KHTML, like Gecko) Chrome/78.0.3904.87 Safari/537.36
::1 2019-11-12 13:36:14 /api/admin_table http://localhost:8080/admin/databases/table/admin GET Mozilla/5.0 (Windows NT 10.0; Win64; x64) AppleWebKit/537.36 (KHTML, like Gecko) Chrome/78.0.3904.87 Safari/537.36
::1 2019-11-12 13:36:14 /api/admin_list?offset=0&limit=3 http://localhost:8080/admin/databases/table/admin OPTIONS Mozilla/5.0 (Windows NT 10.0; Win64; x64) AppleWebKit/537.36 (KHTML, like Gecko) Chrome/78.0.3904.87 Safari/537.36
::1 2019-11-12 13:36:14 /api/admin_list?offset=0&limit=3 http://localhost:8080/admin/databases/table/admin GET Mozilla/5.0 (Windows NT 10.0; Win64; x64) AppleWebKit/537.36 (KHTML, like Gecko) Chrome/78.0.3904.87 Safari/537.36
::1 2019-11-12 13:36:18 /api/statistics/getTodayVisit/2019-11-12 http://localhost:8080/admin/statistics OPTIONS Mozilla/5.0 (Windows NT 10.0; Win64; x64) AppleWebKit/537.36 (KHTML, like Gecko) Chrome/78.0.3904.87 Safari/537.36
::1 2019-11-12 13:36:18 /api/statistics/getTodayVisit/2019-11-12 http://localhost:8080/admin/statistics GET Mozilla/5.0 (Windows NT 10.0; Win64; x64) AppleWebKit/537.36 (KHTML, like Gecko) Chrome/78.0.3904.87 Safari/537.36
::1 2019-11-12 13:36:39 /api/admin_table http://localhost:8080/admin/databases/table/admin OPTIONS Mozilla/5.0 (Windows NT 10.0; Win64; x64) AppleWebKit/537.36 (KHTML, like Gecko) Chrome/78.0.3904.87 Safari/537.36
::1 2019-11-12 13:36:39 /api/admin_table http://localhost:8080/admin/databases/table/admin GET Mozilla/5.0 (Windows NT 10.0; Win64; x64) AppleWebKit/537.36 (KHTML, like Gecko) Chrome/78.0.3904.87 Safari/537.36
::1 2019-11-12 13:36:39 /api/admin_list?offset=0&limit=3 http://localhost:8080/admin/databases/table/admin OPTIONS Mozilla/5.0 (Windows NT 10.0; Win64; x64) AppleWebKit/537.36 (KHTML, like Gecko) Chrome/78.0.3904.87 Safari/537.36
::1 2019-11-12 13:36:39 /api/admin_list?offset=0&limit=3 http://localhost:8080/admin/databases/table/admin GET Mozilla/5.0 (Windows NT 10.0; Win64; x64) AppleWebKit/537.36 (KHTML, like Gecko) Chrome/78.0.3904.87 Safari/537.36
::1 2019-11-12 13:36:40 /api/statistics/getTodayVisit/2019-11-12 http://localhost:8080/admin/statistics OPTIONS Mozilla/5.0 (Windows NT 10.0; Win64; x64) AppleWebKit/537.36 (KHTML, like Gecko) Chrome/78.0.3904.87 Safari/537.36
::1 2019-11-12 13:36:40 /api/statistics/getTodayVisit/2019-11-12 http://localhost:8080/admin/statistics GET Mozilla/5.0 (Windows NT 10.0; Win64; x64) AppleWebKit/537.36 (KHTML, like Gecko) Chrome/78.0.3904.87 Safari/537.36
::1 2019-11-12 13:36:44 /api/statistics/getTodayVisit/2019-11-11 http://localhost:8080/admin/statistics OPTIONS Mozilla/5.0 (Windows NT 10.0; Win64; x64) AppleWebKit/537.36 (KHTML, like Gecko) Chrome/78.0.3904.87 Safari/537.36
::1 2019-11-12 13:36:44 /api/statistics/getTodayVisit/2019-11-11 http://localhost:8080/admin/statistics GET Mozilla/5.0 (Windows NT 10.0; Win64; x64) AppleWebKit/537.36 (KHTML, like Gecko) Chrome/78.0.3904.87 Safari/537.36
::1 2019-11-12 13:36:45 /api/statistics/getTodayVisit/2019-11-12 http://localhost:8080/admin/statistics OPTIONS Mozilla/5.0 (Windows NT 10.0; Win64; x64) AppleWebKit/537.36 (KHTML, like Gecko) Chrome/78.0.3904.87 Safari/537.36
::1 2019-11-12 13:36:45 /api/statistics/getTodayVisit/2019-11-12 http://localhost:8080/admin/statistics GET Mozilla/5.0 (Windows NT 10.0; Win64; x64) AppleWebKit/537.36 (KHTML, like Gecko) Chrome/78.0.3904.87 Safari/537.36
::1 2019-11-12 13:36:47 /api/statistics/getTodayVisit/2019-11-12 http://localhost:8080/admin/statistics OPTIONS Mozilla/5.0 (Windows NT 10.0; Win64; x64) AppleWebKit/537.36 (KHTML, like Gecko) Chrome/78.0.3904.87 Safari/537.36
::1 2019-11-12 13:36:47 /api/statistics/getTodayVisit/2019-11-12 http://localhost:8080/admin/statistics GET Mozilla/5.0 (Windows NT 10.0; Win64; x64) AppleWebKit/537.36 (KHTML, like Gecko) Chrome/78.0.3904.87 Safari/537.36
::1 2019-11-12 13:42:30 /api/statistics/getTodayVisit/2019-11-12 http://localhost:8080/admin/statistics OPTIONS Mozilla/5.0 (Windows NT 10.0; Win64; x64) AppleWebKit/537.36 (KHTML, like Gecko) Chrome/78.0.3904.87 Safari/537.36
::1 2019-11-12 13:42:30 /api/statistics/getTodayVisit/2019-11-12 http://localhost:8080/admin/statistics GET Mozilla/5.0 (Windows NT 10.0; Win64; x64) AppleWebKit/537.36 (KHTML, like Gecko) Chrome/78.0.3904.87 Safari/537.36
::1 2019-11-12 13:42:34 /api/admin_table http://localhost:8080/admin/databases/table/admin OPTIONS Mozilla/5.0 (Windows NT 10.0; Win64; x64) AppleWebKit/537.36 (KHTML, like Gecko) Chrome/78.0.3904.87 Safari/537.36
::1 2019-11-12 13:42:34 /api/admin_table http://localhost:8080/admin/databases/table/admin GET Mozilla/5.0 (Windows NT 10.0; Win64; x64) AppleWebKit/537.36 (KHTML, like Gecko) Chrome/78.0.3904.87 Safari/537.36
::1 2019-11-12 13:42:34 /api/admin_list?offset=0&limit=3 http://localhost:8080/admin/databases/table/admin OPTIONS Mozilla/5.0 (Windows NT 10.0; Win64; x64) AppleWebKit/537.36 (KHTML, like Gecko) Chrome/78.0.3904.87 Safari/537.36
::1 2019-11-12 13:42:35 /api/admin_list?offset=0&limit=3 http://localhost:8080/admin/databases/table/admin GET Mozilla/5.0 (Windows NT 10.0; Win64; x64) AppleWebKit/537.36 (KHTML, like Gecko) Chrome/78.0.3904.87 Safari/537.36
::1 2019-11-12 13:42:42 /api/admin_table http://localhost:8080/admin/databases/table/admin OPTIONS Mozilla/5.0 (Windows NT 10.0; Win64; x64) AppleWebKit/537.36 (KHTML, like Gecko) Chrome/78.0.3904.87 Safari/537.36
::1 2019-11-12 13:42:42 /api/admin_table http://localhost:8080/admin/databases/table/admin GET Mozilla/5.0 (Windows NT 10.0; Win64; x64) AppleWebKit/537.36 (KHTML, like Gecko) Chrome/78.0.3904.87 Safari/537.36
::1 2019-11-12 13:42:43 /api/admin_list?offset=0&limit=3 http://localhost:8080/admin/databases/table/admin OPTIONS Mozilla/5.0 (Windows NT 10.0; Win64; x64) AppleWebKit/537.36 (KHTML, like Gecko) Chrome/78.0.3904.87 Safari/537.36
::1 2019-11-12 13:42:43 /api/admin_list?offset=0&limit=3 http://localhost:8080/admin/databases/table/admin GET Mozilla/5.0 (Windows NT 10.0; Win64; x64) AppleWebKit/537.36 (KHTML, like Gecko) Chrome/78.0.3904.87 Safari/537.36
::1 2019-11-12 13:44:20 /api/admin_table http://localhost:8080/admin/databases/table/admin OPTIONS Mozilla/5.0 (Windows NT 10.0; Win64; x64) AppleWebKit/537.36 (KHTML, like Gecko) Chrome/78.0.3904.87 Safari/537.36
::1 2019-11-12 13:44:20 /api/admin_table http://localhost:8080/admin/databases/table/admin GET Mozilla/5.0 (Windows NT 10.0; Win64; x64) AppleWebKit/537.36 (KHTML, like Gecko) Chrome/78.0.3904.87 Safari/537.36
::1 2019-11-12 13:44:20 /api/admin_list?offset=0&limit=3 http://localhost:8080/admin/databases/table/admin OPTIONS Mozilla/5.0 (Windows NT 10.0; Win64; x64) AppleWebKit/537.36 (KHTML, like Gecko) Chrome/78.0.3904.87 Safari/537.36
::1 2019-11-12 13:44:20 /api/admin_list?offset=0&limit=3 http://localhost:8080/admin/databases/table/admin GET Mozilla/5.0 (Windows NT 10.0; Win64; x64) AppleWebKit/537.36 (KHTML, like Gecko) Chrome/78.0.3904.87 Safari/537.36
::1 2019-11-12 13:44:27 /api/statistics/getTodayVisit/2019-11-12 http://localhost:8080/admin/statistics OPTIONS Mozilla/5.0 (Windows NT 10.0; Win64; x64) AppleWebKit/537.36 (KHTML, like Gecko) Chrome/78.0.3904.87 Safari/537.36
::1 2019-11-12 13:44:27 /api/statistics/getTodayVisit/2019-11-12 http://localhost:8080/admin/statistics GET Mozilla/5.0 (Windows NT 10.0; Win64; x64) AppleWebKit/537.36 (KHTML, like Gecko) Chrome/78.0.3904.87 Safari/537.36
::1 2019-11-12 13:44:30 /api/statistics/getTodayVisit/2019-11-12 http://localhost:8080/admin/statistics OPTIONS Mozilla/5.0 (Windows NT 10.0; Win64; x64) AppleWebKit/537.36 (KHTML, like Gecko) Chrome/78.0.3904.87 Safari/537.36
::1 2019-11-12 13:44:30 /api/statistics/getTodayVisit/2019-11-12 http://localhost:8080/admin/statistics GET Mozilla/5.0 (Windows NT 10.0; Win64; x64) AppleWebKit/537.36 (KHTML, like Gecko) Chrome/78.0.3904.87 Safari/537.36
::1 2019-11-12 13:46:20 /api/admin_table http://localhost:8080/admin/databases/table/admin OPTIONS Mozilla/5.0 (Windows NT 10.0; Win64; x64) AppleWebKit/537.36 (KHTML, like Gecko) Chrome/78.0.3904.87 Safari/537.36
::1 2019-11-12 13:46:20 /api/admin_table http://localhost:8080/admin/databases/table/admin GET Mozilla/5.0 (Windows NT 10.0; Win64; x64) AppleWebKit/537.36 (KHTML, like Gecko) Chrome/78.0.3904.87 Safari/537.36
::1 2019-11-12 13:46:21 /api/admin_list?offset=0&limit=3 http://localhost:8080/admin/databases/table/admin OPTIONS Mozilla/5.0 (Windows NT 10.0; Win64; x64) AppleWebKit/537.36 (KHTML, like Gecko) Chrome/78.0.3904.87 Safari/537.36
::1 2019-11-12 13:46:21 /api/admin_list?offset=0&limit=3 http://localhost:8080/admin/databases/table/admin GET Mozilla/5.0 (Windows NT 10.0; Win64; x64) AppleWebKit/537.36 (KHTML, like Gecko) Chrome/78.0.3904.87 Safari/537.36
::1 2019-11-12 13:46:24 /api/admin_table http://localhost:8080/admin/databases/table/admin OPTIONS Mozilla/5.0 (Windows NT 10.0; Win64; x64) AppleWebKit/537.36 (KHTML, like Gecko) Chrome/78.0.3904.87 Safari/537.36
::1 2019-11-12 13:46:24 /api/admin_table http://localhost:8080/admin/databases/table/admin GET Mozilla/5.0 (Windows NT 10.0; Win64; x64) AppleWebKit/537.36 (KHTML, like Gecko) Chrome/78.0.3904.87 Safari/537.36
::1 2019-11-12 13:46:24 /api/admin_list?offset=0&limit=3 http://localhost:8080/admin/databases/table/admin OPTIONS Mozilla/5.0 (Windows NT 10.0; Win64; x64) AppleWebKit/537.36 (KHTML, like Gecko) Chrome/78.0.3904.87 Safari/537.36
::1 2019-11-12 13:46:24 /api/admin_list?offset=0&limit=3 http://localhost:8080/admin/databases/table/admin GET Mozilla/5.0 (Windows NT 10.0; Win64; x64) AppleWebKit/537.36 (KHTML, like Gecko) Chrome/78.0.3904.87 Safari/537.36
::1 2019-11-12 13:46:26 /api/statistics/getTodayVisit/2019-11-12 http://localhost:8080/admin/statistics OPTIONS Mozilla/5.0 (Windows NT 10.0; Win64; x64) AppleWebKit/537.36 (KHTML, like Gecko) Chrome/78.0.3904.87 Safari/537.36
::1 2019-11-12 13:46:26 /api/statistics/getTodayVisit/2019-11-12 http://localhost:8080/admin/statistics GET Mozilla/5.0 (Windows NT 10.0; Win64; x64) AppleWebKit/537.36 (KHTML, like Gecko) Chrome/78.0.3904.87 Safari/537.36
::1 2019-11-12 13:46:28 /api/statistics/getTodayVisit/2019-11-12 http://localhost:8080/admin/statistics OPTIONS Mozilla/5.0 (Windows NT 10.0; Win64; x64) AppleWebKit/537.36 (KHTML, like Gecko) Chrome/78.0.3904.87 Safari/537.36
::1 2019-11-12 13:46:28 /api/statistics/getTodayVisit/2019-11-12 http://localhost:8080/admin/statistics GET Mozilla/5.0 (Windows NT 10.0; Win64; x64) AppleWebKit/537.36 (KHTML, like Gecko) Chrome/78.0.3904.87 Safari/537.36
::1 2019-11-12 13:46:34 /api/statistics/getTodayVisit/2019-11-12 http://localhost:8080/admin/statistics OPTIONS Mozilla/5.0 (Windows NT 10.0; Win64; x64) AppleWebKit/537.36 (KHTML, like Gecko) Chrome/78.0.3904.87 Safari/537.36
::1 2019-11-12 13:46:34 /api/statistics/getTodayVisit/2019-11-12 http://localhost:8080/admin/statistics GET Mozilla/5.0 (Windows NT 10.0; Win64; x64) AppleWebKit/537.36 (KHTML, like Gecko) Chrome/78.0.3904.87 Safari/537.36
::1 2019-11-12 13:46:49 /api/blog_list?offset=0&limit=5 http://localhost:8080/index GET Mozilla/5.0 (Windows NT 10.0; Win64; x64) AppleWebKit/537.36 (KHTML, like Gecko) Chrome/78.0.3904.87 Safari/537.36
::1 2019-11-12 13:46:51 /api/note/getNoteList http://localhost:8080/note GET Mozilla/5.0 (Windows NT 10.0; Win64; x64) AppleWebKit/537.36 (KHTML, like Gecko) Chrome/78.0.3904.87 Safari/537.36
::1 2019-11-12 13:46:55 /api/note/getNoteByName/day5 http://localhost:8080/article/day5 GET Mozilla/5.0 (Windows NT 10.0; Win64; x64) AppleWebKit/537.36 (KHTML, like Gecko) Chrome/78.0.3904.87 Safari/537.36
::1 2019-11-12 13:47:04 /api/statistics/getTodayVisit/2019-11-12 http://localhost:8080/admin/statistics OPTIONS Mozilla/5.0 (Windows NT 10.0; Win64; x64) AppleWebKit/537.36 (KHTML, like Gecko) Chrome/78.0.3904.87 Safari/537.36
::1 2019-11-12 13:47:04 /api/statistics/getTodayVisit/2019-11-12 http://localhost:8080/admin/statistics GET Mozilla/5.0 (Windows NT 10.0; Win64; x64) AppleWebKit/537.36 (KHTML, like Gecko) Chrome/78.0.3904.87 Safari/537.36
::1 2019-11-13 00:38:49 /api/note/getNoteList http://localhost:8080/note GET Mozilla/5.0 (Windows NT 10.0; Win64; x64) AppleWebKit/537.36 (KHTML, like Gecko) Chrome/78.0.3904.87 Safari/537.36
::1 2019-11-13 00:38:50 /api/blog_list?offset=0&limit=5 http://localhost:8080/index GET Mozilla/5.0 (Windows NT 10.0; Win64; x64) AppleWebKit/537.36 (KHTML, like Gecko) Chrome/78.0.3904.87 Safari/537.36
::1 2019-11-13 00:38:52 /api/note/getNoteList http://localhost:8080/note GET Mozilla/5.0 (Windows NT 10.0; Win64; x64) AppleWebKit/537.36 (KHTML, like Gecko) Chrome/78.0.3904.87 Safari/537.36
::1 2019-11-13 00:38:53 /api/note/getNoteByName/day4 http://localhost:8080/article/day4 GET Mozilla/5.0 (Windows NT 10.0; Win64; x64) AppleWebKit/537.36 (KHTML, like Gecko) Chrome/78.0.3904.87 Safari/537.36
::1 2019-11-13 00:39:01 /api/note/getNoteList http://localhost:8080/note GET Mozilla/5.0 (Windows NT 10.0; Win64; x64) AppleWebKit/537.36 (KHTML, like Gecko) Chrome/78.0.3904.87 Safari/537.36
::1 2019-11-13 00:39:02 /api/note/getNoteByName/day4 http://localhost:8080/article/day4 GET Mozilla/5.0 (Windows NT 10.0; Win64; x64) AppleWebKit/537.36 (KHTML, like Gecko) Chrome/78.0.3904.87 Safari/537.36
::1 2019-11-13 00:39:06 /api/blog_list?offset=0&limit=5 http://localhost:8080/index GET Mozilla/5.0 (Windows NT 10.0; Win64; x64) AppleWebKit/537.36 (KHTML, like Gecko) Chrome/78.0.3904.87 Safari/537.36
::1 2019-11-13 00:39:10 /api/note/getNoteList http://localhost:8080/note GET Mozilla/5.0 (Windows NT 10.0; Win64; x64) AppleWebKit/537.36 (KHTML, like Gecko) Chrome/78.0.3904.87 Safari/537.36
::1 2019-11-13 00:39:12 /api/note/getNoteByName/day1 http://localhost:8080/article/day1 GET Mozilla/5.0 (Windows NT 10.0; Win64; x64) AppleWebKit/537.36 (KHTML, like Gecko) Chrome/78.0.3904.87 Safari/537.36
